SF:lib/features/interactive_map/data/models/spot_model.dart
DA:12,3
DA:24,1
DA:25,2
DA:31,1
DA:32,1
DA:33,1
DA:34,1
DA:36,2
DA:37,1
DA:38,1
DA:39,2
DA:40,1
DA:41,1
DA:43,3
DA:46,2
DA:50,1
DA:51,2
DA:52,1
DA:53,3
DA:54,2
DA:55,1
DA:56,0
DA:57,2
DA:58,1
DA:59,3
DA:60,2
DA:61,2
DA:62,2
DA:63,1
DA:64,2
DA:65,2
DA:66,3
DA:67,2
DA:68,1
DA:69,2
DA:70,2
DA:71,3
DA:77,1
DA:78,1
DA:79,3
LF:40
LH:39
end_of_record
SF:lib/core/services/supabase_service.dart
DA:5,0
DA:6,0
DA:9,0
DA:11,0
DA:12,0
DA:13,0
DA:14,0
DA:15,0
DA:16,0
DA:17,0
LF:10
LH:0
end_of_record
SF:lib/features/interactive_map/data/repositories/location_repository.dart
DA:12,0
DA:13,0
DA:15,0
DA:17,0
DA:19,0
DA:20,0
DA:21,0
DA:22,0
DA:24,0
DA:25,0
DA:31,0
DA:35,0
DA:37,0
DA:39,0
DA:41,0
DA:43,0
DA:44,0
DA:45,0
DA:46,0
DA:47,0
DA:48,0
DA:49,0
DA:50,0
DA:51,0
DA:53,0
DA:54,0
DA:56,0
DA:58,0
DA:62,0
DA:63,0
DA:65,0
DA:68,0
DA:70,0
DA:71,0
DA:72,0
DA:81,0
DA:84,0
DA:85,0
DA:87,0
DA:89,0
LF:40
LH:0
end_of_record
SF:lib/features/interactive_map/presentation/map_screen.dart
DA:18,1
DA:20,1
DA:21,1
DA:30,1
DA:32,1
DA:33,3
DA:34,2
DA:35,1
DA:36,1
DA:37,1
DA:38,3
DA:43,0
DA:44,0
DA:46,0
DA:47,0
DA:48,0
DA:49,0
DA:50,0
DA:51,0
DA:52,0
DA:53,0
DA:54,0
DA:55,0
DA:56,0
DA:58,0
DA:59,0
DA:60,0
DA:61,0
DA:64,0
DA:65,0
DA:66,0
DA:67,0
DA:76,0
DA:77,0
DA:78,0
DA:80,0
DA:84,0
DA:85,0
DA:86,0
DA:87,0
DA:88,0
DA:91,0
DA:92,0
DA:93,0
DA:94,0
DA:102,0
DA:103,0
DA:105,0
DA:106,0
DA:110,0
DA:111,0
DA:112,0
DA:115,0
DA:116,0
DA:117,0
DA:120,0
DA:121,0
DA:122,0
DA:123,0
DA:125,0
DA:129,1
DA:130,2
DA:131,1
DA:132,2
DA:136,1
DA:137,2
DA:138,1
DA:142,1
DA:143,2
DA:145,1
DA:146,1
DA:147,2
DA:148,4
DA:149,1
DA:151,1
DA:152,2
DA:154,2
DA:155,1
DA:156,2
DA:157,1
DA:161,1
DA:162,1
DA:163,2
DA:164,2
DA:168,1
DA:169,2
DA:170,1
DA:171,1
DA:172,3
DA:175,1
DA:176,0
DA:177,0
DA:178,0
DA:179,0
DA:181,0
DA:184,0
DA:185,0
DA:186,0
DA:187,0
DA:188,0
DA:189,0
DA:196,0
DA:197,0
DA:202,0
DA:204,0
DA:206,0
DA:208,0
DA:209,0
DA:211,0
DA:212,0
DA:213,0
DA:224,0
DA:225,0
DA:228,0
DA:229,0
DA:230,0
DA:232,0
DA:240,1
DA:241,1
DA:242,1
DA:243,1
DA:244,1
DA:248,1
DA:250,1
DA:252,1
DA:254,1
DA:255,2
DA:269,1
DA:272,1
DA:273,2
DA:275,1
DA:276,1
DA:277,2
DA:278,1
DA:279,2
DA:280,1
DA:284,1
DA:286,1
DA:287,2
DA:288,1
DA:289,2
DA:291,1
DA:292,1
DA:293,1
DA:294,1
DA:295,1
DA:297,1
DA:298,1
DA:299,2
DA:300,2
DA:302,2
DA:303,2
DA:304,1
DA:305,1
DA:306,1
DA:308,3
DA:309,2
DA:310,2
DA:311,1
DA:314,1
DA:316,1
DA:318,1
DA:319,1
DA:320,1
DA:321,1
DA:327,1
DA:330,1
DA:331,1
DA:332,4
DA:338,1
DA:339,1
DA:340,1
DA:342,1
LF:173
LH:97
end_of_record
SF:lib/features/interactive_map/providers/interactive_map_provider.dart
DA:9,1
DA:20,2
DA:21,2
DA:22,2
DA:23,0
DA:24,0
DA:25,0
DA:26,3
DA:28,1
DA:29,1
DA:30,1
DA:31,1
DA:33,3
DA:34,1
DA:35,1
DA:38,0
DA:40,1
DA:41,1
DA:45,1
DA:46,1
DA:47,1
DA:48,1
DA:50,2
DA:51,1
DA:53,2
DA:54,2
DA:56,1
DA:57,1
DA:61,1
DA:62,1
DA:63,1
DA:64,1
DA:68,0
DA:69,1
DA:70,2
DA:71,1
DA:72,1
DA:74,1
DA:75,1
DA:76,1
DA:77,1
DA:79,0
DA:81,1
DA:82,1
DA:84,1
LF:45
LH:39
end_of_record
SF:lib/features/interactive_map/presentation/widgets/map_widget.dart
DA:15,2
DA:25,2
DA:27,2
DA:28,2
DA:30,2
DA:31,2
DA:38,2
DA:39,2
DA:40,2
DA:41,2
DA:45,2
DA:46,2
DA:55,2
DA:56,2
DA:57,2
DA:60,2
DA:62,2
DA:63,2
DA:64,2
DA:65,2
LF:20
LH:20
end_of_record
SF:lib/features/interactive_map/presentation/widgets/loading_overlay.dart
DA:6,2
DA:8,2
DA:10,2
DA:12,1
DA:13,1
LF:5
LH:5
end_of_record
SF:lib/features/interactive_map/presentation/widgets/error_banner.dart
DA:6,2
DA:8,2
DA:10,2
DA:12,2
DA:13,2
DA:14,2
DA:15,2
DA:19,2
DA:20,2
DA:21,2
DA:23,2
DA:24,2
LF:12
LH:12
end_of_record
SF:lib/features/interactive_map/presentation/widgets/zoom_controls.dart
DA:7,2
DA:13,2
DA:15,2
DA:16,2
DA:17,2
DA:18,2
DA:21,2
DA:23,2
DA:24,2
DA:25,2
DA:29,2
DA:33,2
DA:34,2
DA:38,2
LF:14
LH:14
end_of_record
SF:lib/features/interactive_map/presentation/widgets/location_button.dart
DA:6,2
DA:8,2
DA:10,2
DA:11,2
DA:12,2
DA:13,2
DA:16,2
DA:18,2
LF:8
LH:8
end_of_record
SF:lib/features/interactive_map/presentation/widgets/filter_widget.dart
DA:9,2
DA:15,2
DA:16,2
DA:25,2
DA:27,4
DA:28,4
DA:29,2
DA:32,2
DA:33,4
DA:34,4
DA:35,2
DA:36,2
DA:37,1
DA:38,2
DA:39,3
DA:44,2
DA:45,4
DA:46,4
DA:47,0
DA:48,0
DA:50,2
DA:51,8
DA:56,0
DA:57,0
DA:60,2
DA:62,6
DA:64,2
DA:67,2
DA:68,2
DA:71,4
DA:73,2
DA:75,2
DA:76,2
DA:77,2
DA:78,2
DA:84,2
DA:85,2
DA:87,2
DA:88,2
DA:90,2
DA:93,2
DA:94,2
DA:95,2
DA:97,2
DA:99,2
DA:107,2
DA:109,2
DA:111,2
DA:112,2
DA:115,2
DA:116,2
DA:117,2
DA:118,2
DA:119,2
DA:120,2
DA:128,2
DA:129,2
DA:130,6
DA:132,6
DA:137,6
DA:138,1
DA:140,1
DA:141,2
DA:142,3
DA:152,2
DA:155,2
DA:158,2
DA:160,2
DA:162,4
DA:163,2
DA:164,4
DA:165,2
DA:166,2
DA:167,6
DA:168,0
DA:170,2
DA:172,2
DA:173,2
DA:175,2
DA:189,2
DA:192,2
DA:193,2
DA:194,2
DA:196,2
DA:198,2
LF:85
LH:80
end_of_record
SF:lib/features/interactive_map/presentation/widgets/create_spot.dart
DA:10,1
DA:12,1
DA:13,1
DA:23,0
DA:24,0
DA:25,0
DA:26,0
DA:27,0
DA:28,0
DA:29,0
DA:32,0
DA:33,0
DA:34,0
DA:41,0
DA:45,0
DA:48,0
DA:49,0
DA:50,0
DA:57,0
DA:67,1
DA:68,3
DA:69,1
DA:70,3
DA:76,0
DA:77,0
DA:78,0
DA:79,0
DA:80,0
DA:85,1
DA:87,1
DA:88,1
DA:90,1
DA:92,1
DA:94,1
DA:95,1
DA:96,1
DA:98,1
DA:99,1
DA:100,1
DA:101,1
DA:102,1
DA:105,1
DA:106,1
DA:108,1
DA:109,1
DA:113,1
DA:114,1
DA:116,1
DA:117,1
DA:118,1
DA:120,1
DA:122,1
DA:123,1
DA:129,0
DA:131,0
DA:132,0
DA:137,0
DA:138,0
DA:148,1
DA:149,1
DA:150,1
DA:153,1
DA:154,1
DA:158,1
DA:159,2
DA:166,1
DA:167,1
DA:168,1
DA:171,1
DA:172,1
DA:178,1
DA:179,2
DA:186,1
DA:188,1
DA:189,1
DA:190,1
DA:192,1
DA:193,1
DA:196,1
DA:197,1
DA:199,1
DA:200,1
DA:201,5
DA:202,1
DA:203,1
DA:208,1
DA:209,5
DA:210,1
DA:211,1
DA:222,1
DA:223,1
DA:226,1
DA:228,1
DA:238,1
DA:240,2
DA:241,2
DA:242,1
LF:97
LH:71
end_of_record
SF:lib/features/interactive_map/presentation/widgets/search_bar_widget.dart
DA:7,1
DA:13,1
DA:14,1
DA:21,1
DA:23,1
DA:24,3
DA:27,1
DA:28,5
DA:29,2
DA:32,1
DA:34,3
DA:35,2
DA:36,1
DA:39,1
DA:40,2
DA:41,2
DA:42,1
DA:43,2
DA:44,3
DA:49,1
DA:51,1
DA:54,1
DA:57,1
DA:59,1
DA:61,1
DA:62,1
DA:63,1
DA:64,1
DA:70,1
DA:71,1
DA:72,1
DA:73,2
DA:74,1
DA:75,1
DA:77,1
DA:78,1
DA:79,1
DA:80,1
DA:89,4
DA:90,1
DA:92,1
DA:93,2
DA:94,3
LF:43
LH:43
end_of_record
